Request Time: 2025-06-26T10:18:09.279977
Audio URL: http://124.71.128.214:8000/00a0d1f2-a962-4dfc-ae1e-1dba51d5596d.ogg
Saved File: 00a0d1f2-a962-4dfc-ae1e-1dba51d5596d.ogg
Request Params: {
  "audioUrl": "http://124.71.128.214:8000/00a0d1f2-a962-4dfc-ae1e-1dba51d5596d.ogg"
}
User Info: {
  "id": 1,
  "name": "用户1",
  "gender": "Male",
  "age_range": "80-90",
  "region": [
    "西南地区",
    "全国地区"
  ],
  "health_conditions": [
    "高血压",
    "便秘",
    "肥胖"
  ],
  "taste_preferences": [
    "咸"
  ],
  "texture_preferences": [
    "筋道"
  ],
  "query": "天猫精灵来点软和的",
  "order_history": [
    {
      "date": "1",
      "dishes": [
        "酸辣玉米面",
        "紫菜虾皮蛋汤"
      ]
    },
    {
      "date": "2",
      "dishes": [
        "木耳炒山药小份",
        "红枣老鸡汤"
      ]
    },
    {
      "date": "3",
      "dishes": [
        "香菇炖鸡砂锅",
        "青椒炒鸡蛋"
      ]
    },
    {
      "date": "4",
      "dishes": [
        "枸杞小米粥",
        "土豆芸豆炖肉"
      ]
    },
    {
      "date": "5",
      "dishes": [
        "家乡豆腐盖浇饭",
        "清炒一品素珍"
      ]
    },
    {
      "date": "6",
      "dishes": [
        "紫菜虾皮蛋汤",
        "白菜粉条炖丸子"
      ]
    },
    {
      "date": "7",
      "dishes": [
        "多加一份酸菜",
        "西红柿鸡蛋拉面"
      ]
    },
    {
      "date": "8",
      "dishes": [
        "黑米红枣粥",
        "小虾米烧芥菜"
      ]
    },
    {
      "date": "9",
      "dishes": [
        "核桃红枣桂圆粥",
        "青椒笋干面"
      ]
    },
    {
      "date": "10",
      "dishes": [
        "外婆菜炒四季豆",
        "萝卜疙瘩汤"
      ]
    },
    {
      "date": "11",
      "dishes": [
        "养生青菜咸鸭蛋粥",
        "山药鸽子汤"
      ]
    },
    {
      "date": "12",
      "dishes": [
        "意式番茄鸡肉面",
        "蒜蓉炒生菜"
      ]
    },
    {
      "date": "13",
      "dishes": [
        "骨头萝卜瓦罐汤",
        "香菇滑鸡蒸饭"
      ]
    },
    {
      "date": "14",
      "dishes": [
        "红枣老鸡汤",
        "香芹木耳炒山药"
      ]
    },
    {
      "date": "15",
      "dishes": [
        "紫菜鲜虾粥",
        "青豆炒虾仁"
      ]
    },
    {
      "date": "16",
      "dishes": [
        "清香浆水面",
        "肉末芹菜炒粉"
      ]
    },
    {
      "date": "17",
      "dishes": [
        "西贝大拌菜",
        "冬瓜排骨汤"
      ]
    },
    {
      "date": "18",
      "dishes": [
        "黑米燕麦混合粥",
        "香菇土鸡汤"
      ]
    },
    {
      "date": "19",
      "dishes": [
        "酸辣玉米面",
        "青椒炒鸡蛋"
      ]
    },
    {
      "date": "20",
      "dishes": [
        "羊肉汤清汤",
        "清炒白玉翡翠"
      ]
    },
    {
      "date": "21",
      "dishes": [
        "南瓜小米稀饭",
        "肉丝大头菜"
      ]
    },
    {
      "date": "22",
      "dishes": [
        "红糖八宝粥",
        "酱香八宝菜"
      ]
    },
    {
      "date": "23",
      "dishes": [
        "山药煨腔骨汤",
        "青椒香菇炒肉丝"
      ]
    },
    {
      "date": "24",
      "dishes": [
        "营养十谷米粥",
        "香菇虾段炒青菜"
      ]
    },
    {
      "date": "25",
      "dishes": [
        "紫菜虾皮蛋汤",
        "肉炒绿豆芽"
      ]
    },
    {
      "date": "26",
      "dishes": [
        "酸包菜炒水晶粉",
        "胡萝卜炒粉条"
      ]
    },
    {
      "date": "27",
      "dishes": [
        "大白菜打卤面",
        "莲菜炒肉丝"
      ]
    },
    {
      "date": "28",
      "dishes": [
        "花甲干贝鲜虾粥",
        "蒜泥油麦菜"
      ]
    },
    {
      "date": "29",
      "dishes": [
        "酸辣玉米面",
        "青椒笋干面"
      ]
    },
    {
      "date": "30",
      "dishes": [
        "紫菜鲜虾粥",
        "肉末粉丝小白菜"
      ]
    }
  ]
}
Asr Results: 天猫精灵要个一大碗番茄蛋汤
Recommended_dish: 番茄鸡蛋汤
Expected reply: 给我点番茄鸡蛋汤
Processing Time: 2270ms

